<?xml version="1.0" encoding="UTF-8"?>
<coverage generated="1653919642444" clover="3.2.0">
  <project timestamp="1653919642444" name="All files">
    <metrics statements="109" coveredstatements="108" conditionals="80" coveredconditionals="78" methods="35" coveredmethods="35" elements="224" coveredelements="221" complexity="0" loc="109" ncloc="109" packages="1" files="1" classes="1"/>
    <file name="crossLocalStorage.ts" path="/Users/simone/dev/react/cross-local-storage/src/crossLocalStorage.ts">
      <metrics statements="109" coveredstatements="108" conditionals="80" coveredconditionals="78" methods="35" coveredmethods="35"/>
      <line num="4" count="1" type="stmt"/>
      <line num="5" count="1" type="stmt"/>
      <line num="6" count="1" type="stmt"/>
      <line num="8" count="1" type="stmt"/>
      <line num="10" count="1" type="stmt"/>
      <line num="12" count="1" type="cond" truecount="1" falsecount="1"/>
      <line num="14" count="1" type="cond" truecount="1" falsecount="1"/>
      <line num="16" count="0" type="stmt"/>
      <line num="20" count="1" type="cond" truecount="2" falsecount="0"/>
      <line num="28" count="1" type="stmt"/>
      <line num="29" count="1" type="stmt"/>
      <line num="31" count="1" type="stmt"/>
      <line num="33" count="7" type="stmt"/>
      <line num="34" count="7" type="cond" truecount="1" falsecount="0"/>
      <line num="35" count="6" type="cond" truecount="2" falsecount="0"/>
      <line num="36" count="6" type="stmt"/>
      <line num="39" count="6" type="stmt"/>
      <line num="40" count="6" type="cond" truecount="2" falsecount="0"/>
      <line num="41" count="7" type="cond" truecount="4" falsecount="0"/>
      <line num="42" count="5" type="cond" truecount="2" falsecount="0"/>
      <line num="44" count="1" type="stmt"/>
      <line num="47" count="6" type="stmt"/>
      <line num="48" count="6" type="cond" truecount="2" falsecount="0"/>
      <line num="50" count="6" type="cond" truecount="1" falsecount="0"/>
      <line num="52" count="1" type="stmt"/>
      <line num="53" count="1" type="stmt"/>
      <line num="57" count="3" type="stmt"/>
      <line num="58" count="3" type="cond" truecount="2" falsecount="0"/>
      <line num="59" count="4" type="cond" truecount="4" falsecount="0"/>
      <line num="60" count="2" type="cond" truecount="2" falsecount="0"/>
      <line num="62" count="1" type="stmt"/>
      <line num="64" count="3" type="stmt"/>
      <line num="65" count="3" type="cond" truecount="1" falsecount="0"/>
      <line num="66" count="2" type="cond" truecount="2" falsecount="0"/>
      <line num="67" count="2" type="cond" truecount="2" falsecount="0"/>
      <line num="68" count="1" type="stmt"/>
      <line num="70" count="1" type="stmt"/>
      <line num="73" count="6" type="stmt"/>
      <line num="74" count="6" type="cond" truecount="2" falsecount="0"/>
      <line num="75" count="6" type="stmt"/>
      <line num="76" count="6" type="cond" truecount="4" falsecount="0"/>
      <line num="77" count="1" type="stmt"/>
      <line num="79" count="5" type="cond" truecount="2" falsecount="0"/>
      <line num="80" count="3" type="cond" truecount="2" falsecount="0"/>
      <line num="81" count="1" type="stmt"/>
      <line num="83" count="2" type="cond" truecount="2" falsecount="0"/>
      <line num="84" count="1" type="stmt"/>
      <line num="87" count="1" type="cond" truecount="2" falsecount="0"/>
      <line num="88" count="1" type="stmt"/>
      <line num="91" count="5" type="cond" truecount="1" falsecount="0"/>
      <line num="94" count="6" type="stmt"/>
      <line num="95" count="6" type="cond" truecount="1" falsecount="0"/>
      <line num="96" count="5" type="cond" truecount="2" falsecount="0"/>
      <line num="97" count="5" type="stmt"/>
      <line num="100" count="4" type="stmt"/>
      <line num="101" count="4" type="cond" truecount="2" falsecount="0"/>
      <line num="102" count="4" type="cond" truecount="4" falsecount="0"/>
      <line num="103" count="1" type="stmt"/>
      <line num="105" count="4" type="cond" truecount="4" falsecount="0"/>
      <line num="106" count="2" type="cond" truecount="1" falsecount="0"/>
      <line num="109" count="1" type="stmt"/>
      <line num="112" count="9" type="cond" truecount="2" falsecount="0"/>
      <line num="113" count="5" type="cond" truecount="1" falsecount="0"/>
      <line num="114" count="4" type="cond" truecount="2" falsecount="0"/>
      <line num="115" count="4" type="cond" truecount="2" falsecount="0"/>
      <line num="116" count="3" type="stmt"/>
      <line num="118" count="1" type="stmt"/>
      <line num="121" count="5" type="stmt"/>
      <line num="123" count="5" type="stmt"/>
      <line num="126" count="10" type="stmt"/>
      <line num="127" count="10" type="stmt"/>
      <line num="129" count="5" type="stmt"/>
      <line num="131" count="5" type="stmt"/>
      <line num="132" count="10" type="stmt"/>
      <line num="134" count="10" type="stmt"/>
      <line num="135" count="10" type="stmt"/>
      <line num="136" count="18" type="cond" truecount="4" falsecount="0"/>
      <line num="138" count="4" type="stmt"/>
      <line num="141" count="14" type="cond" truecount="1" falsecount="0"/>
      <line num="143" count="8" type="stmt"/>
      <line num="145" count="2" type="stmt"/>
      <line num="146" count="2" type="stmt"/>
      <line num="152" count="5" type="stmt"/>
      <line num="153" count="4" type="stmt"/>
      <line num="154" count="8" type="cond" truecount="2" falsecount="0"/>
      <line num="157" count="1" type="stmt"/>
      <line num="158" count="1" type="stmt"/>
      <line num="163" count="23" type="stmt"/>
      <line num="165" count="6" type="stmt"/>
      <line num="166" count="11" type="stmt"/>
      <line num="168" count="5" type="stmt"/>
      <line num="169" count="5" type="stmt"/>
      <line num="170" count="5" type="stmt"/>
      <line num="171" count="10" type="stmt"/>
      <line num="172" count="10" type="stmt"/>
      <line num="176" count="7" type="stmt"/>
      <line num="177" count="2" type="cond" truecount="2" falsecount="0"/>
      <line num="178" count="2" type="stmt"/>
      <line num="179" count="3" type="stmt"/>
      <line num="181" count="5" type="stmt"/>
      <line num="182" count="2" type="stmt"/>
      <line num="184" count="1" type="stmt"/>
      <line num="185" count="1" type="stmt"/>
      <line num="190" count="2" type="stmt"/>
      <line num="191" count="1" type="stmt"/>
      <line num="192" count="2" type="cond" truecount="2" falsecount="0"/>
      <line num="196" count="16" type="stmt"/>
      <line num="199" count="2" type="stmt"/>
      <line num="202" count="1" type="stmt"/>
    </file>
  </project>
</coverage>
