<?xml version="1.0" ?>
<!DOCTYPE coverage SYSTEM "http://cobertura.sourceforge.net/xml/coverage-04.dtd">
<coverage lines-valid="109" lines-covered="108" line-rate="0.9908" branches-valid="80" branches-covered="78" branch-rate="0.975" timestamp="1653925684367" complexity="0" version="0.1">
  <sources>
    <source>/Users/simone/dev/react/cross-local-storage</source>
  </sources>
  <packages>
    <class name="crossLocalStorage.ts" filename="src/crossLocalStorage.ts" line-rate="0.9908" branch-rate="0.975">
      <methods>
        <method name="(anonymous_13)" hits="1" signature="()V">
          <lines>
            <line number="20" hits="1"/>
          </lines>
        </method>
        <method name="(anonymous_14)" hits="7" signature="()V">
          <lines>
            <line number="33" hits="7"/>
          </lines>
        </method>
        <method name="(anonymous_15)" hits="7" signature="()V">
          <lines>
            <line number="33" hits="7"/>
          </lines>
        </method>
        <method name="(anonymous_17)" hits="6" signature="()V">
          <lines>
            <line number="39" hits="6"/>
          </lines>
        </method>
        <method name="(anonymous_18)" hits="6" signature="()V">
          <lines>
            <line number="39" hits="6"/>
          </lines>
        </method>
        <method name="(anonymous_20)" hits="6" signature="()V">
          <lines>
            <line number="47" hits="6"/>
          </lines>
        </method>
        <method name="(anonymous_21)" hits="6" signature="()V">
          <lines>
            <line number="47" hits="6"/>
          </lines>
        </method>
        <method name="(anonymous_23)" hits="3" signature="()V">
          <lines>
            <line number="57" hits="3"/>
          </lines>
        </method>
        <method name="(anonymous_24)" hits="3" signature="()V">
          <lines>
            <line number="57" hits="3"/>
          </lines>
        </method>
        <method name="(anonymous_26)" hits="3" signature="()V">
          <lines>
            <line number="64" hits="3"/>
          </lines>
        </method>
        <method name="(anonymous_27)" hits="3" signature="()V">
          <lines>
            <line number="64" hits="3"/>
          </lines>
        </method>
        <method name="(anonymous_29)" hits="6" signature="()V">
          <lines>
            <line number="73" hits="6"/>
          </lines>
        </method>
        <method name="(anonymous_30)" hits="6" signature="()V">
          <lines>
            <line number="73" hits="6"/>
          </lines>
        </method>
        <method name="(anonymous_32)" hits="6" signature="()V">
          <lines>
            <line number="94" hits="6"/>
          </lines>
        </method>
        <method name="(anonymous_33)" hits="6" signature="()V">
          <lines>
            <line number="94" hits="6"/>
          </lines>
        </method>
        <method name="(anonymous_35)" hits="4" signature="()V">
          <lines>
            <line number="100" hits="4"/>
          </lines>
        </method>
        <method name="(anonymous_36)" hits="4" signature="()V">
          <lines>
            <line number="100" hits="4"/>
          </lines>
        </method>
        <method name="(anonymous_38)" hits="5" signature="()V">
          <lines>
            <line number="112" hits="5"/>
          </lines>
        </method>
        <method name="(anonymous_41)" hits="5" signature="()V">
          <lines>
            <line number="121" hits="5"/>
          </lines>
        </method>
        <method name="(anonymous_42)" hits="5" signature="()V">
          <lines>
            <line number="121" hits="5"/>
          </lines>
        </method>
        <method name="(anonymous_44)" hits="10" signature="()V">
          <lines>
            <line number="125" hits="10"/>
          </lines>
        </method>
        <method name="(anonymous_45)" hits="10" signature="()V">
          <lines>
            <line number="131" hits="10"/>
          </lines>
        </method>
        <method name="(anonymous_46)" hits="10" signature="()V">
          <lines>
            <line number="132" hits="10"/>
          </lines>
        </method>
        <method name="(anonymous_47)" hits="10" signature="()V">
          <lines>
            <line number="132" hits="10"/>
          </lines>
        </method>
        <method name="(anonymous_49)" hits="8" signature="()V">
          <lines>
            <line number="153" hits="8"/>
          </lines>
        </method>
        <method name="(anonymous_50)" hits="6" signature="()V">
          <lines>
            <line number="162" hits="6"/>
          </lines>
        </method>
        <method name="(anonymous_53)" hits="11" signature="()V">
          <lines>
            <line number="165" hits="11"/>
          </lines>
        </method>
        <method name="(anonymous_54)" hits="10" signature="()V">
          <lines>
            <line number="170" hits="10"/>
          </lines>
        </method>
        <method name="(anonymous_55)" hits="2" signature="()V">
          <lines>
            <line number="176" hits="2"/>
          </lines>
        </method>
        <method name="(anonymous_58)" hits="3" signature="()V">
          <lines>
            <line number="178" hits="3"/>
          </lines>
        </method>
        <method name="(anonymous_59)" hits="3" signature="()V">
          <lines>
            <line number="179" hits="3"/>
          </lines>
        </method>
        <method name="(anonymous_60)" hits="3" signature="()V">
          <lines>
            <line number="179" hits="3"/>
          </lines>
        </method>
        <method name="(anonymous_62)" hits="2" signature="()V">
          <lines>
            <line number="191" hits="2"/>
          </lines>
        </method>
        <method name="(anonymous_63)" hits="24" signature="()V">
          <lines>
            <line number="196" hits="24"/>
          </lines>
        </method>
        <method name="(anonymous_66)" hits="2" signature="()V">
          <lines>
            <line number="198" hits="2"/>
          </lines>
        </method>
      </methods>
      <lines>
        <line number="4" hits="1" branch="false"/>
        <line number="5" hits="1" branch="false"/>
        <line number="6" hits="1" branch="false"/>
        <line number="8" hits="1" branch="false"/>
        <line number="10" hits="1" branch="false"/>
        <line number="12" hits="1" branch="true" condition-coverage="50% (1/2)"/>
        <line number="14" hits="1" branch="true" condition-coverage="50% (1/2)"/>
        <line number="16" hits="0" branch="false"/>
        <line number="20" hits="1" branch="true" condition-coverage="100% (2/2)"/>
        <line number="28" hits="1" branch="false"/>
        <line number="29" hits="1" branch="false"/>
        <line number="31" hits="1" branch="false"/>
        <line number="33" hits="7" branch="false"/>
        <line number="34" hits="7" branch="true" condition-coverage="100% (1/1)"/>
        <line number="35" hits="6" branch="true" condition-coverage="100% (2/2)"/>
        <line number="36" hits="6" branch="false"/>
        <line number="39" hits="6" branch="false"/>
        <line number="40" hits="6" branch="true" condition-coverage="100% (2/2)"/>
        <line number="41" hits="7" branch="true" condition-coverage="100% (4/4)"/>
        <line number="42" hits="5" branch="true" condition-coverage="100% (2/2)"/>
        <line number="44" hits="1" branch="false"/>
        <line number="47" hits="6" branch="false"/>
        <line number="48" hits="6" branch="true" condition-coverage="100% (2/2)"/>
        <line number="50" hits="6" branch="true" condition-coverage="100% (1/1)"/>
        <line number="52" hits="1" branch="false"/>
        <line number="53" hits="1" branch="false"/>
        <line number="57" hits="3" branch="false"/>
        <line number="58" hits="3" branch="true" condition-coverage="100% (2/2)"/>
        <line number="59" hits="4" branch="true" condition-coverage="100% (4/4)"/>
        <line number="60" hits="2" branch="true" condition-coverage="100% (2/2)"/>
        <line number="62" hits="1" branch="false"/>
        <line number="64" hits="3" branch="false"/>
        <line number="65" hits="3" branch="true" condition-coverage="100% (1/1)"/>
        <line number="66" hits="2" branch="true" condition-coverage="100% (2/2)"/>
        <line number="67" hits="2" branch="true" condition-coverage="100% (2/2)"/>
        <line number="68" hits="1" branch="false"/>
        <line number="70" hits="1" branch="false"/>
        <line number="73" hits="6" branch="false"/>
        <line number="74" hits="6" branch="true" condition-coverage="100% (2/2)"/>
        <line number="75" hits="6" branch="false"/>
        <line number="76" hits="6" branch="true" condition-coverage="100% (4/4)"/>
        <line number="77" hits="1" branch="false"/>
        <line number="79" hits="5" branch="true" condition-coverage="100% (2/2)"/>
        <line number="80" hits="3" branch="true" condition-coverage="100% (2/2)"/>
        <line number="81" hits="1" branch="false"/>
        <line number="83" hits="2" branch="true" condition-coverage="100% (2/2)"/>
        <line number="84" hits="1" branch="false"/>
        <line number="87" hits="1" branch="true" condition-coverage="100% (2/2)"/>
        <line number="88" hits="1" branch="false"/>
        <line number="91" hits="5" branch="true" condition-coverage="100% (1/1)"/>
        <line number="94" hits="6" branch="false"/>
        <line number="95" hits="6" branch="true" condition-coverage="100% (1/1)"/>
        <line number="96" hits="5" branch="true" condition-coverage="100% (2/2)"/>
        <line number="97" hits="5" branch="false"/>
        <line number="100" hits="4" branch="false"/>
        <line number="101" hits="4" branch="true" condition-coverage="100% (2/2)"/>
        <line number="102" hits="4" branch="true" condition-coverage="100% (4/4)"/>
        <line number="103" hits="1" branch="false"/>
        <line number="105" hits="4" branch="true" condition-coverage="100% (4/4)"/>
        <line number="106" hits="2" branch="true" condition-coverage="100% (1/1)"/>
        <line number="109" hits="1" branch="false"/>
        <line number="112" hits="9" branch="true" condition-coverage="100% (2/2)"/>
        <line number="113" hits="5" branch="true" condition-coverage="100% (1/1)"/>
        <line number="114" hits="4" branch="true" condition-coverage="100% (2/2)"/>
        <line number="115" hits="4" branch="true" condition-coverage="100% (2/2)"/>
        <line number="116" hits="3" branch="false"/>
        <line number="118" hits="1" branch="false"/>
        <line number="121" hits="5" branch="false"/>
        <line number="123" hits="5" branch="false"/>
        <line number="126" hits="10" branch="false"/>
        <line number="127" hits="10" branch="false"/>
        <line number="129" hits="5" branch="false"/>
        <line number="131" hits="5" branch="false"/>
        <line number="132" hits="10" branch="false"/>
        <line number="134" hits="10" branch="false"/>
        <line number="135" hits="10" branch="false"/>
        <line number="136" hits="18" branch="true" condition-coverage="100% (4/4)"/>
        <line number="138" hits="4" branch="false"/>
        <line number="141" hits="14" branch="true" condition-coverage="100% (1/1)"/>
        <line number="143" hits="8" branch="false"/>
        <line number="145" hits="2" branch="false"/>
        <line number="146" hits="2" branch="false"/>
        <line number="152" hits="5" branch="false"/>
        <line number="153" hits="4" branch="false"/>
        <line number="154" hits="8" branch="true" condition-coverage="100% (2/2)"/>
        <line number="157" hits="1" branch="false"/>
        <line number="158" hits="1" branch="false"/>
        <line number="163" hits="23" branch="false"/>
        <line number="165" hits="6" branch="false"/>
        <line number="166" hits="11" branch="false"/>
        <line number="168" hits="5" branch="false"/>
        <line number="169" hits="5" branch="false"/>
        <line number="170" hits="5" branch="false"/>
        <line number="171" hits="10" branch="false"/>
        <line number="172" hits="10" branch="false"/>
        <line number="176" hits="7" branch="false"/>
        <line number="177" hits="2" branch="true" condition-coverage="100% (2/2)"/>
        <line number="178" hits="2" branch="false"/>
        <line number="179" hits="3" branch="false"/>
        <line number="181" hits="5" branch="false"/>
        <line number="182" hits="2" branch="false"/>
        <line number="184" hits="1" branch="false"/>
        <line number="185" hits="1" branch="false"/>
        <line number="190" hits="2" branch="false"/>
        <line number="191" hits="1" branch="false"/>
        <line number="192" hits="2" branch="true" condition-coverage="100% (2/2)"/>
        <line number="196" hits="16" branch="false"/>
        <line number="199" hits="2" branch="false"/>
        <line number="202" hits="1" branch="false"/>
      </lines>
    </class>
  </packages>
</coverage>
