{"total": {"lines":{"total":109,"covered":108,"skipped":0,"pct":99.08},"statements":{"total":124,"covered":123,"skipped":0,"pct":99.19},"functions":{"total":35,"covered":35,"skipped":0,"pct":100},"branches":{"total":80,"covered":78,"skipped":0,"pct":97.5}}
,"/Users/simone/dev/react/cross-local-storage/src/crossLocalStorage.ts": {"lines":{"total":109,"covered":108,"skipped":0,"pct":99.08},"functions":{"total":35,"covered":35,"skipped":0,"pct":100},"statements":{"total":124,"covered":123,"skipped":0,"pct":99.19},"branches":{"total":80,"covered":78,"skipped":0,"pct":97.5}}
}
