{"/Users/simone/dev/react/cross-local-storage/src/crossLocalStorage.ts": {"path":"/Users/simone/dev/react/cross-local-storage/src/crossLocalStorage.ts","statementMap":{"0":{"start":{"line":4,"column":19},"end":{"line":4,"column":28}},"1":{"start":{"line":5,"column":0},"end":{"line":9,"column":null}},"2":{"start":{"line":6,"column":1},"end":{"line":6,"column":73}},"3":{"start":{"line":8,"column":1},"end":{"line":8,"column":40}},"4":{"start":{"line":10,"column":0},"end":{"line":10,"column":null}},"5":{"start":{"line":12,"column":1},"end":{"line":12,"column":66}},"6":{"start":{"line":14,"column":0},"end":{"line":17,"column":null}},"7":{"start":{"line":16,"column":1},"end":{"line":16,"column":101}},"8":{"start":{"line":20,"column":0},"end":{"line":20,"column":null}},"9":{"start":{"line":28,"column":21},"end":{"line":28,"column":93}},"10":{"start":{"line":29,"column":0},"end":{"line":29,"column":null}},"11":{"start":{"line":31,"column":13},"end":{"line":201,"column":2}},"12":{"start":{"line":33,"column":38},"end":{"line":37,"column":null}},"13":{"start":{"line":34,"column":16},"end":{"line":34,"column":null}},"14":{"start":{"line":34,"column":8},"end":{"line":34,"column":null}},"15":{"start":{"line":35,"column":2},"end":{"line":35,"column":68}},"16":{"start":{"line":36,"column":2},"end":{"line":36,"column":15}},"17":{"start":{"line":39,"column":60},"end":{"line":45,"column":null}},"18":{"start":{"line":40,"column":2},"end":{"line":40,"column":75}},"19":{"start":{"line":41,"column":6},"end":{"line":41,"column":10}},"20":{"start":{"line":42,"column":10},"end":{"line":42,"column":49}},"21":{"start":{"line":42,"column":3},"end":{"line":42,"column":49}},"22":{"start":{"line":44,"column":2},"end":{"line":44,"column":43}},"23":{"start":{"line":47,"column":41},"end":{"line":55,"column":null}},"24":{"start":{"line":48,"column":2},"end":{"line":48,"column":74}},"25":{"start":{"line":50,"column":10},"end":{"line":50,"column":46}},"26":{"start":{"line":50,"column":3},"end":{"line":50,"column":46}},"27":{"start":{"line":52,"column":3},"end":{"line":52,"column":66}},"28":{"start":{"line":53,"column":3},"end":{"line":53,"column":13}},"29":{"start":{"line":57,"column":49},"end":{"line":63,"column":null}},"30":{"start":{"line":58,"column":2},"end":{"line":58,"column":78}},"31":{"start":{"line":59,"column":6},"end":{"line":59,"column":10}},"32":{"start":{"line":60,"column":10},"end":{"line":60,"column":65}},"33":{"start":{"line":60,"column":3},"end":{"line":60,"column":65}},"34":{"start":{"line":62,"column":2},"end":{"line":62,"column":43}},"35":{"start":{"line":64,"column":47},"end":{"line":71,"column":null}},"36":{"start":{"line":65,"column":16},"end":{"line":65,"column":null}},"37":{"start":{"line":65,"column":8},"end":{"line":65,"column":null}},"38":{"start":{"line":66,"column":2},"end":{"line":66,"column":76}},"39":{"start":{"line":67,"column":2},"end":{"line":69,"column":null}},"40":{"start":{"line":68,"column":3},"end":{"line":68,"column":null}},"41":{"start":{"line":70,"column":2},"end":{"line":70,"column":14}},"42":{"start":{"line":73,"column":64},"end":{"line":92,"column":null}},"43":{"start":{"line":74,"column":2},"end":{"line":74,"column":83}},"44":{"start":{"line":75,"column":6},"end":{"line":75,"column":19}},"45":{"start":{"line":76,"column":2},"end":{"line":90,"column":null}},"46":{"start":{"line":77,"column":3},"end":{"line":77,"column":null}},"47":{"start":{"line":79,"column":7},"end":{"line":90,"column":null}},"48":{"start":{"line":80,"column":3},"end":{"line":89,"column":null}},"49":{"start":{"line":81,"column":4},"end":{"line":81,"column":17}},"50":{"start":{"line":83,"column":8},"end":{"line":89,"column":null}},"51":{"start":{"line":84,"column":4},"end":{"line":84,"column":null}},"52":{"start":{"line":87,"column":4},"end":{"line":87,"column":78}},"53":{"start":{"line":88,"column":4},"end":{"line":88,"column":17}},"54":{"start":{"line":91,"column":9},"end":{"line":91,"column":57}},"55":{"start":{"line":91,"column":2},"end":{"line":91,"column":57}},"56":{"start":{"line":94,"column":41},"end":{"line":98,"column":null}},"57":{"start":{"line":95,"column":16},"end":{"line":95,"column":null}},"58":{"start":{"line":95,"column":8},"end":{"line":95,"column":null}},"59":{"start":{"line":96,"column":2},"end":{"line":96,"column":76}},"60":{"start":{"line":97,"column":2},"end":{"line":97,"column":25}},"61":{"start":{"line":100,"column":55},"end":{"line":110,"column":null}},"62":{"start":{"line":101,"column":2},"end":{"line":101,"column":82}},"63":{"start":{"line":102,"column":2},"end":{"line":104,"column":null}},"64":{"start":{"line":103,"column":3},"end":{"line":103,"column":null}},"65":{"start":{"line":105,"column":6},"end":{"line":105,"column":10}},"66":{"start":{"line":106,"column":10},"end":{"line":106,"column":57}},"67":{"start":{"line":106,"column":3},"end":{"line":106,"column":57}},"68":{"start":{"line":109,"column":2},"end":{"line":109,"column":50}},"69":{"start":{"line":112,"column":42},"end":{"line":112,"column":null}},"70":{"start":{"line":113,"column":16},"end":{"line":113,"column":null}},"71":{"start":{"line":113,"column":8},"end":{"line":113,"column":null}},"72":{"start":{"line":114,"column":2},"end":{"line":114,"column":75}},"73":{"start":{"line":115,"column":2},"end":{"line":117,"column":null}},"74":{"start":{"line":116,"column":3},"end":{"line":116,"column":null}},"75":{"start":{"line":118,"column":2},"end":{"line":118,"column":23}},"76":{"start":{"line":121,"column":48},"end":{"line":160,"column":null}},"77":{"start":{"line":123,"column":8},"end":{"line":128,"column":20}},"78":{"start":{"line":126,"column":4},"end":{"line":126,"column":32}},"79":{"start":{"line":127,"column":4},"end":{"line":127,"column":17}},"80":{"start":{"line":129,"column":2},"end":{"line":129,"column":null}},"81":{"start":{"line":131,"column":8},"end":{"line":150,"column":5}},"82":{"start":{"line":132,"column":3},"end":{"line":149,"column":null}},"83":{"start":{"line":132,"column":53},"end":{"line":149,"column":5}},"84":{"start":{"line":134,"column":11},"end":{"line":134,"column":50}},"85":{"start":{"line":135,"column":11},"end":{"line":135,"column":38}},"86":{"start":{"line":136,"column":9},"end":{"line":136,"column":14}},"87":{"start":{"line":138,"column":6},"end":{"line":138,"column":46}},"88":{"start":{"line":141,"column":6},"end":{"line":141,"column":59}},"89":{"start":{"line":143,"column":5},"end":{"line":143,"column":null}},"90":{"start":{"line":145,"column":5},"end":{"line":145,"column":68}},"91":{"start":{"line":146,"column":5},"end":{"line":146,"column":19}},"92":{"start":{"line":152,"column":18},"end":{"line":152,"column":null}},"93":{"start":{"line":152,"column":9},"end":{"line":152,"column":null}},"94":{"start":{"line":153,"column":3},"end":{"line":155,"column":null}},"95":{"start":{"line":154,"column":4},"end":{"line":154,"column":23}},"96":{"start":{"line":157,"column":3},"end":{"line":157,"column":53}},"97":{"start":{"line":158,"column":3},"end":{"line":158,"column":13}},"98":{"start":{"line":163,"column":2},"end":{"line":163,"column":31}},"99":{"start":{"line":165,"column":8},"end":{"line":167,"column":5}},"100":{"start":{"line":166,"column":3},"end":{"line":166,"column":37}},"101":{"start":{"line":168,"column":17},"end":{"line":168,"column":null}},"102":{"start":{"line":168,"column":8},"end":{"line":168,"column":null}},"103":{"start":{"line":169,"column":2},"end":{"line":169,"column":null}},"104":{"start":{"line":170,"column":2},"end":{"line":173,"column":null}},"105":{"start":{"line":171,"column":3},"end":{"line":171,"column":37}},"106":{"start":{"line":172,"column":3},"end":{"line":172,"column":14}},"107":{"start":{"line":176,"column":21},"end":{"line":176,"column":50}},"108":{"start":{"line":177,"column":2},"end":{"line":177,"column":84}},"109":{"start":{"line":178,"column":8},"end":{"line":189,"column":5}},"110":{"start":{"line":179,"column":3},"end":{"line":188,"column":null}},"111":{"start":{"line":179,"column":53},"end":{"line":188,"column":5}},"112":{"start":{"line":181,"column":5},"end":{"line":181,"column":41}},"113":{"start":{"line":182,"column":5},"end":{"line":182,"column":null}},"114":{"start":{"line":184,"column":5},"end":{"line":184,"column":70}},"115":{"start":{"line":185,"column":5},"end":{"line":185,"column":19}},"116":{"start":{"line":190,"column":17},"end":{"line":190,"column":null}},"117":{"start":{"line":190,"column":8},"end":{"line":190,"column":null}},"118":{"start":{"line":191,"column":2},"end":{"line":193,"column":null}},"119":{"start":{"line":192,"column":3},"end":{"line":192,"column":22}},"120":{"start":{"line":196,"column":8},"end":{"line":196,"column":null}},"121":{"start":{"line":196,"column":20},"end":{"line":196,"column":null}},"122":{"start":{"line":199,"column":2},"end":{"line":199,"column":27}},"123":{"start":{"line":202,"column":0},"end":{"line":202,"column":33}}},"fnMap":{"0":{"name":"(anonymous_13)","decl":{"start":{"line":20,"column":0},"end":{"line":20,"column":12}},"loc":{"start":{"line":20,"column":32},"end":{"line":22,"column":1}}},"1":{"name":"(anonymous_14)","decl":{"start":{"line":33,"column":10},"end":{"line":33,"column":17}},"loc":{"start":{"line":33,"column":38},"end":{"line":37,"column":null}}},"2":{"name":"(anonymous_15)","decl":{"start":{"line":33,"column":38},"end":{"line":33,"column":null}},"loc":{"start":{"line":33,"column":38},"end":{"line":37,"column":null}}},"3":{"name":"(anonymous_17)","decl":{"start":{"line":39,"column":10},"end":{"line":39,"column":17}},"loc":{"start":{"line":39,"column":60},"end":{"line":45,"column":null}}},"4":{"name":"(anonymous_18)","decl":{"start":{"line":39,"column":60},"end":{"line":39,"column":null}},"loc":{"start":{"line":39,"column":60},"end":{"line":45,"column":null}}},"5":{"name":"(anonymous_20)","decl":{"start":{"line":47,"column":13},"end":{"line":47,"column":20}},"loc":{"start":{"line":47,"column":41},"end":{"line":55,"column":null}}},"6":{"name":"(anonymous_21)","decl":{"start":{"line":47,"column":41},"end":{"line":47,"column":null}},"loc":{"start":{"line":47,"column":41},"end":{"line":55,"column":null}}},"7":{"name":"(anonymous_23)","decl":{"start":{"line":57,"column":10},"end":{"line":57,"column":17}},"loc":{"start":{"line":57,"column":49},"end":{"line":63,"column":null}}},"8":{"name":"(anonymous_24)","decl":{"start":{"line":57,"column":49},"end":{"line":57,"column":null}},"loc":{"start":{"line":57,"column":49},"end":{"line":63,"column":null}}},"9":{"name":"(anonymous_26)","decl":{"start":{"line":64,"column":10},"end":{"line":64,"column":26}},"loc":{"start":{"line":64,"column":47},"end":{"line":71,"column":null}}},"10":{"name":"(anonymous_27)","decl":{"start":{"line":64,"column":47},"end":{"line":64,"column":null}},"loc":{"start":{"line":64,"column":47},"end":{"line":71,"column":null}}},"11":{"name":"(anonymous_29)","decl":{"start":{"line":73,"column":13},"end":{"line":73,"column":20}},"loc":{"start":{"line":73,"column":64},"end":{"line":92,"column":null}}},"12":{"name":"(anonymous_30)","decl":{"start":{"line":73,"column":64},"end":{"line":73,"column":null}},"loc":{"start":{"line":73,"column":64},"end":{"line":92,"column":null}}},"13":{"name":"(anonymous_32)","decl":{"start":{"line":94,"column":13},"end":{"line":94,"column":20}},"loc":{"start":{"line":94,"column":41},"end":{"line":98,"column":null}}},"14":{"name":"(anonymous_33)","decl":{"start":{"line":94,"column":41},"end":{"line":94,"column":null}},"loc":{"start":{"line":94,"column":41},"end":{"line":98,"column":null}}},"15":{"name":"(anonymous_35)","decl":{"start":{"line":100,"column":12},"end":{"line":100,"column":19}},"loc":{"start":{"line":100,"column":55},"end":{"line":110,"column":null}}},"16":{"name":"(anonymous_36)","decl":{"start":{"line":100,"column":55},"end":{"line":100,"column":null}},"loc":{"start":{"line":100,"column":55},"end":{"line":110,"column":null}}},"17":{"name":"(anonymous_38)","decl":{"start":{"line":112,"column":12},"end":{"line":112,"column":19}},"loc":{"start":{"line":112,"column":76},"end":{"line":119,"column":null}}},"18":{"name":"(anonymous_41)","decl":{"start":{"line":121,"column":11},"end":{"line":121,"column":18}},"loc":{"start":{"line":121,"column":48},"end":{"line":160,"column":null}}},"19":{"name":"(anonymous_42)","decl":{"start":{"line":121,"column":48},"end":{"line":121,"column":null}},"loc":{"start":{"line":121,"column":48},"end":{"line":160,"column":null}}},"20":{"name":"(anonymous_44)","decl":{"start":{"line":125,"column":8},"end":{"line":125,"column":13}},"loc":{"start":{"line":125,"column":13},"end":{"line":128,"column":4}}},"21":{"name":"(anonymous_45)","decl":{"start":{"line":131,"column":40},"end":{"line":131,"column":41}},"loc":{"start":{"line":131,"column":56},"end":{"line":150,"column":3}}},"22":{"name":"(anonymous_46)","decl":{"start":{"line":132,"column":31},"end":{"line":132,"column":38}},"loc":{"start":{"line":132,"column":53},"end":{"line":149,"column":5}}},"23":{"name":"(anonymous_47)","decl":{"start":{"line":132,"column":53},"end":{"line":132,"column":null}},"loc":{"start":{"line":132,"column":53},"end":{"line":149,"column":5}}},"24":{"name":"(anonymous_49)","decl":{"start":{"line":153,"column":24},"end":{"line":153,"column":25}},"loc":{"start":{"line":153,"column":34},"end":{"line":155,"column":4}}},"25":{"name":"(anonymous_50)","decl":{"start":{"line":162,"column":11},"end":{"line":162,"column":null}},"loc":{"start":{"line":162,"column":11},"end":{"line":174,"column":null}}},"26":{"name":"(anonymous_53)","decl":{"start":{"line":165,"column":28},"end":{"line":165,"column":31}},"loc":{"start":{"line":165,"column":31},"end":{"line":167,"column":3}}},"27":{"name":"(anonymous_54)","decl":{"start":{"line":170,"column":23},"end":{"line":170,"column":24}},"loc":{"start":{"line":170,"column":43},"end":{"line":173,"column":3}}},"28":{"name":"(anonymous_55)","decl":{"start":{"line":176,"column":14},"end":{"line":176,"column":21}},"loc":{"start":{"line":176,"column":14},"end":{"line":194,"column":null}}},"29":{"name":"(anonymous_58)","decl":{"start":{"line":178,"column":28},"end":{"line":178,"column":31}},"loc":{"start":{"line":178,"column":31},"end":{"line":189,"column":3}}},"30":{"name":"(anonymous_59)","decl":{"start":{"line":179,"column":31},"end":{"line":179,"column":38}},"loc":{"start":{"line":179,"column":53},"end":{"line":188,"column":5}}},"31":{"name":"(anonymous_60)","decl":{"start":{"line":179,"column":53},"end":{"line":179,"column":null}},"loc":{"start":{"line":179,"column":53},"end":{"line":188,"column":5}}},"32":{"name":"(anonymous_62)","decl":{"start":{"line":191,"column":23},"end":{"line":191,"column":24}},"loc":{"start":{"line":191,"column":33},"end":{"line":193,"column":3}}},"33":{"name":"(anonymous_63)","decl":{"start":{"line":196,"column":8},"end":{"line":196,"column":20}},"loc":{"start":{"line":196,"column":8},"end":{"line":196,"column":null}}},"34":{"name":"(anonymous_66)","decl":{"start":{"line":198,"column":16},"end":{"line":198,"column":17}},"loc":{"start":{"line":198,"column":33},"end":{"line":200,"column":2}}}},"branchMap":{"0":{"loc":{"start":{"line":12,"column":39},"end":{"line":12,"column":51}},"type":"cond-expr","locations":[{"start":{"line":12,"column":39},"end":{"line":12,"column":51}},{"start":{"line":12,"column":54},"end":{"line":12,"column":66}}]},"1":{"loc":{"start":{"line":14,"column":0},"end":{"line":17,"column":null}},"type":"if","locations":[{"start":{"line":14,"column":0},"end":{"line":17,"column":null}},{"start":{"line":14,"column":0},"end":{"line":17,"column":null}}]},"2":{"loc":{"start":{"line":20,"column":12},"end":{"line":20,"column":32}},"type":"binary-expr","locations":[{"start":{"line":20,"column":12},"end":{"line":20,"column":32}},{"start":{"line":20,"column":12},"end":{"line":20,"column":null}}]},"3":{"loc":{"start":{"line":34,"column":16},"end":{"line":34,"column":null}},"type":"switch","locations":[{"start":{"line":34,"column":16},"end":{"line":34,"column":null}}]},"4":{"loc":{"start":{"line":35,"column":2},"end":{"line":35,"column":16}},"type":"binary-expr","locations":[{"start":{"line":35,"column":2},"end":{"line":35,"column":16}},{"start":{"line":35,"column":20},"end":{"line":35,"column":67}}]},"5":{"loc":{"start":{"line":42,"column":3},"end":{"line":42,"column":49}},"type":"switch","locations":[{"start":{"line":42,"column":3},"end":{"line":42,"column":49}},{"start":{"line":44,"column":2},"end":{"line":44,"column":43}}]},"6":{"loc":{"start":{"line":40,"column":2},"end":{"line":40,"column":16}},"type":"binary-expr","locations":[{"start":{"line":40,"column":2},"end":{"line":40,"column":16}},{"start":{"line":40,"column":20},"end":{"line":40,"column":74}}]},"7":{"loc":{"start":{"line":41,"column":6},"end":{"line":41,"column":10}},"type":"if","locations":[{"start":{"line":41,"column":6},"end":{"line":41,"column":10}},{"start":{"line":41,"column":6},"end":{"line":41,"column":10}}]},"8":{"loc":{"start":{"line":41,"column":6},"end":{"line":41,"column":24}},"type":"binary-expr","locations":[{"start":{"line":41,"column":6},"end":{"line":41,"column":24}},{"start":{"line":41,"column":28},"end":{"line":41,"column":40}}]},"9":{"loc":{"start":{"line":50,"column":3},"end":{"line":50,"column":46}},"type":"switch","locations":[{"start":{"line":50,"column":3},"end":{"line":50,"column":46}}]},"10":{"loc":{"start":{"line":48,"column":2},"end":{"line":48,"column":16}},"type":"binary-expr","locations":[{"start":{"line":48,"column":2},"end":{"line":48,"column":16}},{"start":{"line":48,"column":20},"end":{"line":48,"column":73}}]},"11":{"loc":{"start":{"line":60,"column":3},"end":{"line":60,"column":65}},"type":"switch","locations":[{"start":{"line":60,"column":3},"end":{"line":60,"column":65}},{"start":{"line":62,"column":2},"end":{"line":62,"column":43}}]},"12":{"loc":{"start":{"line":58,"column":2},"end":{"line":58,"column":16}},"type":"binary-expr","locations":[{"start":{"line":58,"column":2},"end":{"line":58,"column":16}},{"start":{"line":58,"column":20},"end":{"line":58,"column":77}}]},"13":{"loc":{"start":{"line":59,"column":6},"end":{"line":59,"column":10}},"type":"if","locations":[{"start":{"line":59,"column":6},"end":{"line":59,"column":10}},{"start":{"line":59,"column":6},"end":{"line":59,"column":10}}]},"14":{"loc":{"start":{"line":59,"column":6},"end":{"line":59,"column":24}},"type":"binary-expr","locations":[{"start":{"line":59,"column":6},"end":{"line":59,"column":24}},{"start":{"line":59,"column":28},"end":{"line":59,"column":40}}]},"15":{"loc":{"start":{"line":65,"column":16},"end":{"line":65,"column":null}},"type":"switch","locations":[{"start":{"line":65,"column":16},"end":{"line":65,"column":null}}]},"16":{"loc":{"start":{"line":66,"column":2},"end":{"line":66,"column":16}},"type":"binary-expr","locations":[{"start":{"line":66,"column":2},"end":{"line":66,"column":16}},{"start":{"line":66,"column":20},"end":{"line":66,"column":75}}]},"17":{"loc":{"start":{"line":67,"column":2},"end":{"line":69,"column":null}},"type":"if","locations":[{"start":{"line":67,"column":2},"end":{"line":69,"column":null}},{"start":{"line":67,"column":2},"end":{"line":69,"column":null}}]},"18":{"loc":{"start":{"line":91,"column":2},"end":{"line":91,"column":57}},"type":"switch","locations":[{"start":{"line":91,"column":2},"end":{"line":91,"column":57}}]},"19":{"loc":{"start":{"line":74,"column":2},"end":{"line":74,"column":16}},"type":"binary-expr","locations":[{"start":{"line":74,"column":2},"end":{"line":74,"column":16}},{"start":{"line":74,"column":20},"end":{"line":74,"column":82}}]},"20":{"loc":{"start":{"line":76,"column":2},"end":{"line":90,"column":null}},"type":"if","locations":[{"start":{"line":76,"column":2},"end":{"line":90,"column":null}},{"start":{"line":76,"column":2},"end":{"line":90,"column":null}}]},"21":{"loc":{"start":{"line":76,"column":6},"end":{"line":76,"column":24}},"type":"binary-expr","locations":[{"start":{"line":76,"column":6},"end":{"line":76,"column":24}},{"start":{"line":76,"column":28},"end":{"line":76,"column":41}}]},"22":{"loc":{"start":{"line":79,"column":7},"end":{"line":90,"column":null}},"type":"if","locations":[{"start":{"line":79,"column":7},"end":{"line":90,"column":null}},{"start":{"line":79,"column":7},"end":{"line":90,"column":null}}]},"23":{"loc":{"start":{"line":80,"column":3},"end":{"line":89,"column":null}},"type":"if","locations":[{"start":{"line":80,"column":3},"end":{"line":89,"column":null}},{"start":{"line":80,"column":3},"end":{"line":89,"column":null}}]},"24":{"loc":{"start":{"line":83,"column":8},"end":{"line":89,"column":null}},"type":"if","locations":[{"start":{"line":83,"column":8},"end":{"line":89,"column":null}},{"start":{"line":83,"column":8},"end":{"line":89,"column":null}}]},"25":{"loc":{"start":{"line":87,"column":4},"end":{"line":87,"column":18}},"type":"binary-expr","locations":[{"start":{"line":87,"column":4},"end":{"line":87,"column":18}},{"start":{"line":87,"column":22},"end":{"line":87,"column":77}}]},"26":{"loc":{"start":{"line":95,"column":16},"end":{"line":95,"column":null}},"type":"switch","locations":[{"start":{"line":95,"column":16},"end":{"line":95,"column":null}}]},"27":{"loc":{"start":{"line":96,"column":2},"end":{"line":96,"column":16}},"type":"binary-expr","locations":[{"start":{"line":96,"column":2},"end":{"line":96,"column":16}},{"start":{"line":96,"column":20},"end":{"line":96,"column":75}}]},"28":{"loc":{"start":{"line":106,"column":3},"end":{"line":106,"column":57}},"type":"switch","locations":[{"start":{"line":106,"column":3},"end":{"line":106,"column":57}}]},"29":{"loc":{"start":{"line":101,"column":2},"end":{"line":101,"column":16}},"type":"binary-expr","locations":[{"start":{"line":101,"column":2},"end":{"line":101,"column":16}},{"start":{"line":101,"column":20},"end":{"line":101,"column":81}}]},"30":{"loc":{"start":{"line":102,"column":2},"end":{"line":104,"column":null}},"type":"if","locations":[{"start":{"line":102,"column":2},"end":{"line":104,"column":null}},{"start":{"line":102,"column":2},"end":{"line":104,"column":null}}]},"31":{"loc":{"start":{"line":102,"column":6},"end":{"line":102,"column":10}},"type":"binary-expr","locations":[{"start":{"line":102,"column":6},"end":{"line":102,"column":10}},{"start":{"line":102,"column":14},"end":{"line":102,"column":25}}]},"32":{"loc":{"start":{"line":105,"column":6},"end":{"line":105,"column":10}},"type":"if","locations":[{"start":{"line":105,"column":6},"end":{"line":105,"column":10}},{"start":{"line":105,"column":6},"end":{"line":105,"column":10}}]},"33":{"loc":{"start":{"line":105,"column":6},"end":{"line":105,"column":24}},"type":"binary-expr","locations":[{"start":{"line":105,"column":6},"end":{"line":105,"column":24}},{"start":{"line":105,"column":28},"end":{"line":105,"column":40}}]},"34":{"loc":{"start":{"line":112,"column":42},"end":{"line":112,"column":null}},"type":"if","locations":[{"start":{"line":112,"column":42},"end":{"line":112,"column":null}},{"start":{"line":112,"column":42},"end":{"line":112,"column":null}}]},"35":{"loc":{"start":{"line":113,"column":16},"end":{"line":113,"column":null}},"type":"switch","locations":[{"start":{"line":113,"column":16},"end":{"line":113,"column":null}}]},"36":{"loc":{"start":{"line":114,"column":2},"end":{"line":114,"column":16}},"type":"binary-expr","locations":[{"start":{"line":114,"column":2},"end":{"line":114,"column":16}},{"start":{"line":114,"column":20},"end":{"line":114,"column":74}}]},"37":{"loc":{"start":{"line":115,"column":2},"end":{"line":117,"column":null}},"type":"if","locations":[{"start":{"line":115,"column":2},"end":{"line":117,"column":null}},{"start":{"line":115,"column":2},"end":{"line":117,"column":null}}]},"38":{"loc":{"start":{"line":141,"column":6},"end":{"line":141,"column":59}},"type":"switch","locations":[{"start":{"line":141,"column":6},"end":{"line":141,"column":59}}]},"39":{"loc":{"start":{"line":136,"column":9},"end":{"line":136,"column":14}},"type":"if","locations":[{"start":{"line":136,"column":9},"end":{"line":136,"column":14}},{"start":{"line":136,"column":9},"end":{"line":136,"column":14}}]},"40":{"loc":{"start":{"line":136,"column":9},"end":{"line":136,"column":28}},"type":"binary-expr","locations":[{"start":{"line":136,"column":9},"end":{"line":136,"column":28}},{"start":{"line":136,"column":32},"end":{"line":136,"column":46}}]},"41":{"loc":{"start":{"line":154,"column":11},"end":{"line":154,"column":14}},"type":"binary-expr","locations":[{"start":{"line":154,"column":11},"end":{"line":154,"column":14}},{"start":{"line":154,"column":18},"end":{"line":154,"column":22}}]},"42":{"loc":{"start":{"line":177,"column":2},"end":{"line":177,"column":16}},"type":"binary-expr","locations":[{"start":{"line":177,"column":2},"end":{"line":177,"column":16}},{"start":{"line":177,"column":20},"end":{"line":177,"column":83}}]},"43":{"loc":{"start":{"line":192,"column":10},"end":{"line":192,"column":13}},"type":"binary-expr","locations":[{"start":{"line":192,"column":10},"end":{"line":192,"column":13}},{"start":{"line":192,"column":17},"end":{"line":192,"column":21}}]}},"s":{"0":1,"1":1,"2":1,"3":1,"4":1,"5":1,"6":1,"7":0,"8":1,"9":1,"10":1,"11":1,"12":7,"13":7,"14":6,"15":6,"16":6,"17":6,"18":6,"19":7,"20":5,"21":4,"22":1,"23":6,"24":6,"25":6,"26":5,"27":1,"28":1,"29":3,"30":3,"31":4,"32":2,"33":1,"34":1,"35":3,"36":3,"37":2,"38":2,"39":2,"40":1,"41":1,"42":6,"43":6,"44":6,"45":6,"46":1,"47":5,"48":3,"49":1,"50":2,"51":1,"52":1,"53":1,"54":5,"55":4,"56":6,"57":6,"58":5,"59":5,"60":5,"61":4,"62":4,"63":4,"64":1,"65":4,"66":2,"67":1,"68":1,"69":9,"70":5,"71":4,"72":4,"73":4,"74":3,"75":1,"76":5,"77":5,"78":10,"79":10,"80":5,"81":5,"82":10,"83":10,"84":10,"85":10,"86":18,"87":4,"88":14,"89":8,"90":2,"91":2,"92":5,"93":5,"94":4,"95":8,"96":1,"97":1,"98":23,"99":6,"100":11,"101":5,"102":5,"103":5,"104":5,"105":10,"106":10,"107":7,"108":2,"109":2,"110":3,"111":3,"112":5,"113":2,"114":1,"115":1,"116":2,"117":2,"118":1,"119":2,"120":16,"121":8,"122":2,"123":1},"f":{"0":1,"1":7,"2":7,"3":6,"4":6,"5":6,"6":6,"7":3,"8":3,"9":3,"10":3,"11":6,"12":6,"13":6,"14":6,"15":4,"16":4,"17":5,"18":5,"19":5,"20":10,"21":10,"22":10,"23":10,"24":8,"25":6,"26":11,"27":10,"28":2,"29":3,"30":3,"31":3,"32":2,"33":24,"34":2},"b":{"0":[1,0],"1":[0,1],"2":[1,1],"3":[7],"4":[6,6],"5":[4,1],"6":[6,4],"7":[1,5],"8":[6,6],"9":[5],"10":[6,5],"11":[1,1],"12":[3,2],"13":[1,2],"14":[3,3],"15":[3],"16":[2,2],"17":[1,1],"18":[4],"19":[6,5],"20":[1,5],"21":[6,5],"22":[3,2],"23":[1,2],"24":[1,1],"25":[1,1],"26":[6],"27":[5,5],"28":[1],"29":[4,3],"30":[1,3],"31":[4,3],"32":[1,2],"33":[3,2],"34":[4,1],"35":[5],"36":[4,4],"37":[3,1],"38":[8],"39":[8,2],"40":[10,10],"41":[8,8],"42":[2,1],"43":[2,2]}}
}
