{"/Users/simone/dev/react/cross-local-storage/src/localStorageHelper.ts": {"path":"/Users/simone/dev/react/cross-local-storage/src/localStorageHelper.ts","statementMap":{"0":{"start":{"line":4,"column":19},"end":{"line":4,"column":28}},"1":{"start":{"line":5,"column":0},"end":{"line":9,"column":null}},"2":{"start":{"line":6,"column":1},"end":{"line":6,"column":73}},"3":{"start":{"line":8,"column":1},"end":{"line":8,"column":40}},"4":{"start":{"line":11,"column":1},"end":{"line":11,"column":66}},"5":{"start":{"line":13,"column":0},"end":{"line":15,"column":null}},"6":{"start":{"line":14,"column":1},"end":{"line":14,"column":101}},"7":{"start":{"line":52,"column":21},"end":{"line":52,"column":91}},"8":{"start":{"line":55,"column":13},"end":{"line":217,"column":2}},"9":{"start":{"line":57,"column":44},"end":{"line":61,"column":null}},"10":{"start":{"line":58,"column":16},"end":{"line":58,"column":null}},"11":{"start":{"line":58,"column":8},"end":{"line":58,"column":null}},"12":{"start":{"line":59,"column":2},"end":{"line":59,"column":69}},"13":{"start":{"line":60,"column":2},"end":{"line":60,"column":15}},"14":{"start":{"line":62,"column":66},"end":{"line":68,"column":null}},"15":{"start":{"line":63,"column":2},"end":{"line":63,"column":76}},"16":{"start":{"line":64,"column":6},"end":{"line":64,"column":10}},"17":{"start":{"line":65,"column":10},"end":{"line":65,"column":49}},"18":{"start":{"line":65,"column":3},"end":{"line":65,"column":49}},"19":{"start":{"line":67,"column":2},"end":{"line":67,"column":43}},"20":{"start":{"line":70,"column":47},"end":{"line":78,"column":null}},"21":{"start":{"line":71,"column":2},"end":{"line":71,"column":75}},"22":{"start":{"line":73,"column":10},"end":{"line":73,"column":46}},"23":{"start":{"line":73,"column":3},"end":{"line":73,"column":46}},"24":{"start":{"line":75,"column":3},"end":{"line":75,"column":66}},"25":{"start":{"line":76,"column":3},"end":{"line":76,"column":null}},"26":{"start":{"line":80,"column":55},"end":{"line":86,"column":null}},"27":{"start":{"line":81,"column":2},"end":{"line":81,"column":79}},"28":{"start":{"line":82,"column":6},"end":{"line":82,"column":10}},"29":{"start":{"line":83,"column":10},"end":{"line":83,"column":65}},"30":{"start":{"line":83,"column":3},"end":{"line":83,"column":65}},"31":{"start":{"line":85,"column":2},"end":{"line":85,"column":43}},"32":{"start":{"line":87,"column":53},"end":{"line":94,"column":null}},"33":{"start":{"line":88,"column":16},"end":{"line":88,"column":null}},"34":{"start":{"line":88,"column":8},"end":{"line":88,"column":null}},"35":{"start":{"line":89,"column":2},"end":{"line":89,"column":77}},"36":{"start":{"line":90,"column":2},"end":{"line":92,"column":null}},"37":{"start":{"line":91,"column":3},"end":{"line":91,"column":null}},"38":{"start":{"line":93,"column":2},"end":{"line":93,"column":14}},"39":{"start":{"line":96,"column":70},"end":{"line":115,"column":null}},"40":{"start":{"line":97,"column":2},"end":{"line":97,"column":84}},"41":{"start":{"line":98,"column":6},"end":{"line":98,"column":19}},"42":{"start":{"line":99,"column":2},"end":{"line":113,"column":null}},"43":{"start":{"line":100,"column":3},"end":{"line":100,"column":null}},"44":{"start":{"line":102,"column":7},"end":{"line":113,"column":null}},"45":{"start":{"line":103,"column":3},"end":{"line":112,"column":null}},"46":{"start":{"line":104,"column":4},"end":{"line":104,"column":17}},"47":{"start":{"line":106,"column":8},"end":{"line":112,"column":null}},"48":{"start":{"line":107,"column":4},"end":{"line":107,"column":null}},"49":{"start":{"line":110,"column":4},"end":{"line":110,"column":78}},"50":{"start":{"line":111,"column":4},"end":{"line":111,"column":17}},"51":{"start":{"line":114,"column":9},"end":{"line":114,"column":57}},"52":{"start":{"line":114,"column":2},"end":{"line":114,"column":57}},"53":{"start":{"line":117,"column":47},"end":{"line":121,"column":null}},"54":{"start":{"line":118,"column":16},"end":{"line":118,"column":null}},"55":{"start":{"line":118,"column":8},"end":{"line":118,"column":null}},"56":{"start":{"line":119,"column":2},"end":{"line":119,"column":77}},"57":{"start":{"line":120,"column":2},"end":{"line":120,"column":25}},"58":{"start":{"line":123,"column":60},"end":{"line":132,"column":null}},"59":{"start":{"line":124,"column":2},"end":{"line":124,"column":83}},"60":{"start":{"line":125,"column":2},"end":{"line":127,"column":null}},"61":{"start":{"line":126,"column":3},"end":{"line":126,"column":null}},"62":{"start":{"line":128,"column":6},"end":{"line":128,"column":10}},"63":{"start":{"line":129,"column":10},"end":{"line":129,"column":57}},"64":{"start":{"line":129,"column":3},"end":{"line":129,"column":57}},"65":{"start":{"line":131,"column":2},"end":{"line":131,"column":50}},"66":{"start":{"line":134,"column":48},"end":{"line":134,"column":null}},"67":{"start":{"line":135,"column":16},"end":{"line":135,"column":null}},"68":{"start":{"line":135,"column":8},"end":{"line":135,"column":null}},"69":{"start":{"line":136,"column":2},"end":{"line":136,"column":76}},"70":{"start":{"line":137,"column":2},"end":{"line":139,"column":null}},"71":{"start":{"line":138,"column":3},"end":{"line":138,"column":null}},"72":{"start":{"line":140,"column":2},"end":{"line":140,"column":23}},"73":{"start":{"line":143,"column":48},"end":{"line":176,"column":null}},"74":{"start":{"line":145,"column":8},"end":{"line":150,"column":20}},"75":{"start":{"line":148,"column":4},"end":{"line":148,"column":32}},"76":{"start":{"line":149,"column":4},"end":{"line":149,"column":17}},"77":{"start":{"line":151,"column":2},"end":{"line":151,"column":null}},"78":{"start":{"line":153,"column":8},"end":{"line":171,"column":5}},"79":{"start":{"line":154,"column":3},"end":{"line":170,"column":null}},"80":{"start":{"line":154,"column":53},"end":{"line":170,"column":5}},"81":{"start":{"line":156,"column":11},"end":{"line":156,"column":50}},"82":{"start":{"line":157,"column":11},"end":{"line":157,"column":38}},"83":{"start":{"line":158,"column":9},"end":{"line":158,"column":14}},"84":{"start":{"line":159,"column":6},"end":{"line":159,"column":46}},"85":{"start":{"line":162,"column":6},"end":{"line":162,"column":59}},"86":{"start":{"line":164,"column":5},"end":{"line":164,"column":null}},"87":{"start":{"line":166,"column":5},"end":{"line":166,"column":75}},"88":{"start":{"line":167,"column":5},"end":{"line":167,"column":19}},"89":{"start":{"line":172,"column":17},"end":{"line":172,"column":null}},"90":{"start":{"line":172,"column":8},"end":{"line":172,"column":null}},"91":{"start":{"line":173,"column":2},"end":{"line":175,"column":null}},"92":{"start":{"line":174,"column":3},"end":{"line":174,"column":22}},"93":{"start":{"line":179,"column":2},"end":{"line":179,"column":37}},"94":{"start":{"line":181,"column":8},"end":{"line":183,"column":5}},"95":{"start":{"line":182,"column":3},"end":{"line":182,"column":37}},"96":{"start":{"line":184,"column":17},"end":{"line":184,"column":null}},"97":{"start":{"line":184,"column":8},"end":{"line":184,"column":null}},"98":{"start":{"line":185,"column":2},"end":{"line":185,"column":null}},"99":{"start":{"line":186,"column":2},"end":{"line":189,"column":null}},"100":{"start":{"line":187,"column":3},"end":{"line":187,"column":37}},"101":{"start":{"line":188,"column":3},"end":{"line":188,"column":14}},"102":{"start":{"line":192,"column":21},"end":{"line":192,"column":56}},"103":{"start":{"line":193,"column":2},"end":{"line":193,"column":85}},"104":{"start":{"line":194,"column":8},"end":{"line":205,"column":5}},"105":{"start":{"line":195,"column":3},"end":{"line":204,"column":null}},"106":{"start":{"line":195,"column":53},"end":{"line":204,"column":5}},"107":{"start":{"line":197,"column":5},"end":{"line":197,"column":41}},"108":{"start":{"line":198,"column":5},"end":{"line":198,"column":null}},"109":{"start":{"line":200,"column":5},"end":{"line":200,"column":70}},"110":{"start":{"line":201,"column":5},"end":{"line":201,"column":19}},"111":{"start":{"line":206,"column":17},"end":{"line":206,"column":null}},"112":{"start":{"line":206,"column":8},"end":{"line":206,"column":null}},"113":{"start":{"line":207,"column":2},"end":{"line":209,"column":null}},"114":{"start":{"line":208,"column":3},"end":{"line":208,"column":22}},"115":{"start":{"line":212,"column":8},"end":{"line":212,"column":null}},"116":{"start":{"line":212,"column":20},"end":{"line":212,"column":null}},"117":{"start":{"line":215,"column":2},"end":{"line":215,"column":27}},"118":{"start":{"line":218,"column":0},"end":{"line":218,"column":33}}},"fnMap":{"0":{"name":"(anonymous_13)","decl":{"start":{"line":57,"column":10},"end":{"line":57,"column":17}},"loc":{"start":{"line":57,"column":44},"end":{"line":61,"column":null}}},"1":{"name":"(anonymous_14)","decl":{"start":{"line":57,"column":44},"end":{"line":57,"column":null}},"loc":{"start":{"line":57,"column":44},"end":{"line":61,"column":null}}},"2":{"name":"(anonymous_16)","decl":{"start":{"line":62,"column":10},"end":{"line":62,"column":17}},"loc":{"start":{"line":62,"column":66},"end":{"line":68,"column":null}}},"3":{"name":"(anonymous_17)","decl":{"start":{"line":62,"column":66},"end":{"line":62,"column":null}},"loc":{"start":{"line":62,"column":66},"end":{"line":68,"column":null}}},"4":{"name":"(anonymous_19)","decl":{"start":{"line":70,"column":13},"end":{"line":70,"column":20}},"loc":{"start":{"line":70,"column":47},"end":{"line":78,"column":null}}},"5":{"name":"(anonymous_20)","decl":{"start":{"line":70,"column":47},"end":{"line":70,"column":null}},"loc":{"start":{"line":70,"column":47},"end":{"line":78,"column":null}}},"6":{"name":"(anonymous_22)","decl":{"start":{"line":80,"column":10},"end":{"line":80,"column":17}},"loc":{"start":{"line":80,"column":55},"end":{"line":86,"column":null}}},"7":{"name":"(anonymous_23)","decl":{"start":{"line":80,"column":55},"end":{"line":80,"column":null}},"loc":{"start":{"line":80,"column":55},"end":{"line":86,"column":null}}},"8":{"name":"(anonymous_25)","decl":{"start":{"line":87,"column":10},"end":{"line":87,"column":26}},"loc":{"start":{"line":87,"column":53},"end":{"line":94,"column":null}}},"9":{"name":"(anonymous_26)","decl":{"start":{"line":87,"column":53},"end":{"line":87,"column":null}},"loc":{"start":{"line":87,"column":53},"end":{"line":94,"column":null}}},"10":{"name":"(anonymous_28)","decl":{"start":{"line":96,"column":13},"end":{"line":96,"column":20}},"loc":{"start":{"line":96,"column":70},"end":{"line":115,"column":null}}},"11":{"name":"(anonymous_29)","decl":{"start":{"line":96,"column":70},"end":{"line":96,"column":null}},"loc":{"start":{"line":96,"column":70},"end":{"line":115,"column":null}}},"12":{"name":"(anonymous_31)","decl":{"start":{"line":117,"column":13},"end":{"line":117,"column":20}},"loc":{"start":{"line":117,"column":47},"end":{"line":121,"column":null}}},"13":{"name":"(anonymous_32)","decl":{"start":{"line":117,"column":47},"end":{"line":117,"column":null}},"loc":{"start":{"line":117,"column":47},"end":{"line":121,"column":null}}},"14":{"name":"(anonymous_34)","decl":{"start":{"line":123,"column":12},"end":{"line":123,"column":19}},"loc":{"start":{"line":123,"column":60},"end":{"line":132,"column":null}}},"15":{"name":"(anonymous_35)","decl":{"start":{"line":123,"column":60},"end":{"line":123,"column":null}},"loc":{"start":{"line":123,"column":60},"end":{"line":132,"column":null}}},"16":{"name":"(anonymous_37)","decl":{"start":{"line":134,"column":12},"end":{"line":134,"column":19}},"loc":{"start":{"line":134,"column":82},"end":{"line":141,"column":null}}},"17":{"name":"(anonymous_40)","decl":{"start":{"line":143,"column":11},"end":{"line":143,"column":18}},"loc":{"start":{"line":143,"column":48},"end":{"line":176,"column":null}}},"18":{"name":"(anonymous_41)","decl":{"start":{"line":143,"column":48},"end":{"line":143,"column":null}},"loc":{"start":{"line":143,"column":48},"end":{"line":176,"column":null}}},"19":{"name":"(anonymous_43)","decl":{"start":{"line":147,"column":8},"end":{"line":147,"column":13}},"loc":{"start":{"line":147,"column":13},"end":{"line":150,"column":4}}},"20":{"name":"(anonymous_44)","decl":{"start":{"line":153,"column":40},"end":{"line":153,"column":41}},"loc":{"start":{"line":153,"column":56},"end":{"line":171,"column":3}}},"21":{"name":"(anonymous_45)","decl":{"start":{"line":154,"column":31},"end":{"line":154,"column":38}},"loc":{"start":{"line":154,"column":53},"end":{"line":170,"column":5}}},"22":{"name":"(anonymous_46)","decl":{"start":{"line":154,"column":53},"end":{"line":154,"column":null}},"loc":{"start":{"line":154,"column":53},"end":{"line":170,"column":5}}},"23":{"name":"(anonymous_48)","decl":{"start":{"line":173,"column":23},"end":{"line":173,"column":24}},"loc":{"start":{"line":173,"column":33},"end":{"line":175,"column":3}}},"24":{"name":"(anonymous_49)","decl":{"start":{"line":178,"column":11},"end":{"line":178,"column":null}},"loc":{"start":{"line":178,"column":11},"end":{"line":190,"column":null}}},"25":{"name":"(anonymous_52)","decl":{"start":{"line":181,"column":28},"end":{"line":181,"column":31}},"loc":{"start":{"line":181,"column":31},"end":{"line":183,"column":3}}},"26":{"name":"(anonymous_53)","decl":{"start":{"line":186,"column":23},"end":{"line":186,"column":24}},"loc":{"start":{"line":186,"column":43},"end":{"line":189,"column":3}}},"27":{"name":"(anonymous_54)","decl":{"start":{"line":192,"column":14},"end":{"line":192,"column":21}},"loc":{"start":{"line":192,"column":14},"end":{"line":210,"column":null}}},"28":{"name":"(anonymous_57)","decl":{"start":{"line":194,"column":28},"end":{"line":194,"column":31}},"loc":{"start":{"line":194,"column":31},"end":{"line":205,"column":3}}},"29":{"name":"(anonymous_58)","decl":{"start":{"line":195,"column":31},"end":{"line":195,"column":38}},"loc":{"start":{"line":195,"column":53},"end":{"line":204,"column":5}}},"30":{"name":"(anonymous_59)","decl":{"start":{"line":195,"column":53},"end":{"line":195,"column":null}},"loc":{"start":{"line":195,"column":53},"end":{"line":204,"column":5}}},"31":{"name":"(anonymous_61)","decl":{"start":{"line":207,"column":23},"end":{"line":207,"column":24}},"loc":{"start":{"line":207,"column":33},"end":{"line":209,"column":3}}},"32":{"name":"(anonymous_62)","decl":{"start":{"line":212,"column":8},"end":{"line":212,"column":20}},"loc":{"start":{"line":212,"column":8},"end":{"line":212,"column":null}}},"33":{"name":"(anonymous_65)","decl":{"start":{"line":214,"column":16},"end":{"line":214,"column":17}},"loc":{"start":{"line":214,"column":33},"end":{"line":216,"column":2}}}},"branchMap":{"0":{"loc":{"start":{"line":11,"column":39},"end":{"line":11,"column":51}},"type":"cond-expr","locations":[{"start":{"line":11,"column":39},"end":{"line":11,"column":51}},{"start":{"line":11,"column":54},"end":{"line":11,"column":66}}]},"1":{"loc":{"start":{"line":13,"column":0},"end":{"line":15,"column":null}},"type":"if","locations":[{"start":{"line":13,"column":0},"end":{"line":15,"column":null}},{"start":{"line":13,"column":0},"end":{"line":15,"column":null}}]},"2":{"loc":{"start":{"line":52,"column":21},"end":{"line":52,"column":58}},"type":"binary-expr","locations":[{"start":{"line":52,"column":21},"end":{"line":52,"column":58}},{"start":{"line":52,"column":62},"end":{"line":52,"column":91}}]},"3":{"loc":{"start":{"line":58,"column":16},"end":{"line":58,"column":null}},"type":"switch","locations":[{"start":{"line":58,"column":16},"end":{"line":58,"column":null}}]},"4":{"loc":{"start":{"line":59,"column":2},"end":{"line":59,"column":16}},"type":"binary-expr","locations":[{"start":{"line":59,"column":2},"end":{"line":59,"column":16}},{"start":{"line":59,"column":20},"end":{"line":59,"column":68}}]},"5":{"loc":{"start":{"line":65,"column":3},"end":{"line":65,"column":49}},"type":"switch","locations":[{"start":{"line":65,"column":3},"end":{"line":65,"column":49}},{"start":{"line":67,"column":2},"end":{"line":67,"column":43}}]},"6":{"loc":{"start":{"line":63,"column":2},"end":{"line":63,"column":16}},"type":"binary-expr","locations":[{"start":{"line":63,"column":2},"end":{"line":63,"column":16}},{"start":{"line":63,"column":20},"end":{"line":63,"column":75}}]},"7":{"loc":{"start":{"line":64,"column":6},"end":{"line":64,"column":10}},"type":"if","locations":[{"start":{"line":64,"column":6},"end":{"line":64,"column":10}},{"start":{"line":64,"column":6},"end":{"line":64,"column":10}}]},"8":{"loc":{"start":{"line":64,"column":6},"end":{"line":64,"column":24}},"type":"binary-expr","locations":[{"start":{"line":64,"column":6},"end":{"line":64,"column":24}},{"start":{"line":64,"column":28},"end":{"line":64,"column":40}}]},"9":{"loc":{"start":{"line":73,"column":3},"end":{"line":73,"column":46}},"type":"switch","locations":[{"start":{"line":73,"column":3},"end":{"line":73,"column":46}}]},"10":{"loc":{"start":{"line":71,"column":2},"end":{"line":71,"column":16}},"type":"binary-expr","locations":[{"start":{"line":71,"column":2},"end":{"line":71,"column":16}},{"start":{"line":71,"column":20},"end":{"line":71,"column":74}}]},"11":{"loc":{"start":{"line":83,"column":3},"end":{"line":83,"column":65}},"type":"switch","locations":[{"start":{"line":83,"column":3},"end":{"line":83,"column":65}},{"start":{"line":85,"column":2},"end":{"line":85,"column":43}}]},"12":{"loc":{"start":{"line":81,"column":2},"end":{"line":81,"column":16}},"type":"binary-expr","locations":[{"start":{"line":81,"column":2},"end":{"line":81,"column":16}},{"start":{"line":81,"column":20},"end":{"line":81,"column":78}}]},"13":{"loc":{"start":{"line":82,"column":6},"end":{"line":82,"column":10}},"type":"if","locations":[{"start":{"line":82,"column":6},"end":{"line":82,"column":10}},{"start":{"line":82,"column":6},"end":{"line":82,"column":10}}]},"14":{"loc":{"start":{"line":82,"column":6},"end":{"line":82,"column":24}},"type":"binary-expr","locations":[{"start":{"line":82,"column":6},"end":{"line":82,"column":24}},{"start":{"line":82,"column":28},"end":{"line":82,"column":40}}]},"15":{"loc":{"start":{"line":88,"column":16},"end":{"line":88,"column":null}},"type":"switch","locations":[{"start":{"line":88,"column":16},"end":{"line":88,"column":null}}]},"16":{"loc":{"start":{"line":89,"column":2},"end":{"line":89,"column":16}},"type":"binary-expr","locations":[{"start":{"line":89,"column":2},"end":{"line":89,"column":16}},{"start":{"line":89,"column":20},"end":{"line":89,"column":76}}]},"17":{"loc":{"start":{"line":90,"column":2},"end":{"line":92,"column":null}},"type":"if","locations":[{"start":{"line":90,"column":2},"end":{"line":92,"column":null}},{"start":{"line":90,"column":2},"end":{"line":92,"column":null}}]},"18":{"loc":{"start":{"line":114,"column":2},"end":{"line":114,"column":57}},"type":"switch","locations":[{"start":{"line":114,"column":2},"end":{"line":114,"column":57}}]},"19":{"loc":{"start":{"line":97,"column":2},"end":{"line":97,"column":16}},"type":"binary-expr","locations":[{"start":{"line":97,"column":2},"end":{"line":97,"column":16}},{"start":{"line":97,"column":20},"end":{"line":97,"column":83}}]},"20":{"loc":{"start":{"line":99,"column":2},"end":{"line":113,"column":null}},"type":"if","locations":[{"start":{"line":99,"column":2},"end":{"line":113,"column":null}},{"start":{"line":99,"column":2},"end":{"line":113,"column":null}}]},"21":{"loc":{"start":{"line":99,"column":6},"end":{"line":99,"column":24}},"type":"binary-expr","locations":[{"start":{"line":99,"column":6},"end":{"line":99,"column":24}},{"start":{"line":99,"column":28},"end":{"line":99,"column":41}}]},"22":{"loc":{"start":{"line":102,"column":7},"end":{"line":113,"column":null}},"type":"if","locations":[{"start":{"line":102,"column":7},"end":{"line":113,"column":null}},{"start":{"line":102,"column":7},"end":{"line":113,"column":null}}]},"23":{"loc":{"start":{"line":103,"column":3},"end":{"line":112,"column":null}},"type":"if","locations":[{"start":{"line":103,"column":3},"end":{"line":112,"column":null}},{"start":{"line":103,"column":3},"end":{"line":112,"column":null}}]},"24":{"loc":{"start":{"line":106,"column":8},"end":{"line":112,"column":null}},"type":"if","locations":[{"start":{"line":106,"column":8},"end":{"line":112,"column":null}},{"start":{"line":106,"column":8},"end":{"line":112,"column":null}}]},"25":{"loc":{"start":{"line":110,"column":4},"end":{"line":110,"column":18}},"type":"binary-expr","locations":[{"start":{"line":110,"column":4},"end":{"line":110,"column":18}},{"start":{"line":110,"column":22},"end":{"line":110,"column":77}}]},"26":{"loc":{"start":{"line":118,"column":16},"end":{"line":118,"column":null}},"type":"switch","locations":[{"start":{"line":118,"column":16},"end":{"line":118,"column":null}}]},"27":{"loc":{"start":{"line":119,"column":2},"end":{"line":119,"column":16}},"type":"binary-expr","locations":[{"start":{"line":119,"column":2},"end":{"line":119,"column":16}},{"start":{"line":119,"column":20},"end":{"line":119,"column":76}}]},"28":{"loc":{"start":{"line":129,"column":3},"end":{"line":129,"column":57}},"type":"switch","locations":[{"start":{"line":129,"column":3},"end":{"line":129,"column":57}},{"start":{"line":131,"column":2},"end":{"line":131,"column":50}}]},"29":{"loc":{"start":{"line":124,"column":2},"end":{"line":124,"column":16}},"type":"binary-expr","locations":[{"start":{"line":124,"column":2},"end":{"line":124,"column":16}},{"start":{"line":124,"column":20},"end":{"line":124,"column":82}}]},"30":{"loc":{"start":{"line":125,"column":2},"end":{"line":127,"column":null}},"type":"if","locations":[{"start":{"line":125,"column":2},"end":{"line":127,"column":null}},{"start":{"line":125,"column":2},"end":{"line":127,"column":null}}]},"31":{"loc":{"start":{"line":128,"column":6},"end":{"line":128,"column":10}},"type":"if","locations":[{"start":{"line":128,"column":6},"end":{"line":128,"column":10}},{"start":{"line":128,"column":6},"end":{"line":128,"column":10}}]},"32":{"loc":{"start":{"line":128,"column":6},"end":{"line":128,"column":24}},"type":"binary-expr","locations":[{"start":{"line":128,"column":6},"end":{"line":128,"column":24}},{"start":{"line":128,"column":28},"end":{"line":128,"column":40}}]},"33":{"loc":{"start":{"line":134,"column":48},"end":{"line":134,"column":null}},"type":"if","locations":[{"start":{"line":134,"column":48},"end":{"line":134,"column":null}},{"start":{"line":134,"column":48},"end":{"line":134,"column":null}}]},"34":{"loc":{"start":{"line":135,"column":16},"end":{"line":135,"column":null}},"type":"switch","locations":[{"start":{"line":135,"column":16},"end":{"line":135,"column":null}}]},"35":{"loc":{"start":{"line":136,"column":2},"end":{"line":136,"column":16}},"type":"binary-expr","locations":[{"start":{"line":136,"column":2},"end":{"line":136,"column":16}},{"start":{"line":136,"column":20},"end":{"line":136,"column":75}}]},"36":{"loc":{"start":{"line":137,"column":2},"end":{"line":139,"column":null}},"type":"if","locations":[{"start":{"line":137,"column":2},"end":{"line":139,"column":null}},{"start":{"line":137,"column":2},"end":{"line":139,"column":null}}]},"37":{"loc":{"start":{"line":162,"column":6},"end":{"line":162,"column":59}},"type":"switch","locations":[{"start":{"line":162,"column":6},"end":{"line":162,"column":59}}]},"38":{"loc":{"start":{"line":158,"column":9},"end":{"line":158,"column":14}},"type":"if","locations":[{"start":{"line":158,"column":9},"end":{"line":158,"column":14}},{"start":{"line":158,"column":9},"end":{"line":158,"column":14}}]},"39":{"loc":{"start":{"line":158,"column":9},"end":{"line":158,"column":28}},"type":"binary-expr","locations":[{"start":{"line":158,"column":9},"end":{"line":158,"column":28}},{"start":{"line":158,"column":32},"end":{"line":158,"column":46}}]},"40":{"loc":{"start":{"line":174,"column":10},"end":{"line":174,"column":13}},"type":"binary-expr","locations":[{"start":{"line":174,"column":10},"end":{"line":174,"column":13}},{"start":{"line":174,"column":17},"end":{"line":174,"column":21}}]},"41":{"loc":{"start":{"line":193,"column":2},"end":{"line":193,"column":16}},"type":"binary-expr","locations":[{"start":{"line":193,"column":2},"end":{"line":193,"column":16}},{"start":{"line":193,"column":20},"end":{"line":193,"column":84}}]},"42":{"loc":{"start":{"line":208,"column":10},"end":{"line":208,"column":13}},"type":"binary-expr","locations":[{"start":{"line":208,"column":10},"end":{"line":208,"column":13}},{"start":{"line":208,"column":17},"end":{"line":208,"column":21}}]}},"s":{"0":1,"1":1,"2":1,"3":1,"4":1,"5":1,"6":0,"7":1,"8":1,"9":6,"10":6,"11":6,"12":6,"13":6,"14":3,"15":3,"16":4,"17":2,"18":2,"19":1,"20":4,"21":4,"22":4,"23":4,"24":0,"25":0,"26":2,"27":2,"28":3,"29":1,"30":1,"31":1,"32":2,"33":2,"34":2,"35":2,"36":2,"37":1,"38":1,"39":5,"40":5,"41":5,"42":5,"43":1,"44":4,"45":3,"46":1,"47":2,"48":1,"49":1,"50":1,"51":4,"52":4,"53":5,"54":5,"55":5,"56":5,"57":5,"58":1,"59":1,"60":1,"61":0,"62":1,"63":1,"64":1,"65":0,"66":5,"67":3,"68":3,"69":3,"70":3,"71":2,"72":1,"73":4,"74":4,"75":8,"76":8,"77":4,"78":4,"79":8,"80":8,"81":8,"82":8,"83":14,"84":4,"85":12,"86":8,"87":0,"88":0,"89":4,"90":4,"91":4,"92":8,"93":20,"94":5,"95":10,"96":5,"97":5,"98":5,"99":5,"100":10,"101":10,"102":4,"103":1,"104":1,"105":2,"106":2,"107":4,"108":2,"109":0,"110":0,"111":1,"112":1,"113":1,"114":2,"115":10,"116":5,"117":0,"118":1},"f":{"0":6,"1":6,"2":3,"3":3,"4":4,"5":4,"6":2,"7":2,"8":2,"9":2,"10":5,"11":5,"12":5,"13":5,"14":1,"15":1,"16":3,"17":4,"18":4,"19":8,"20":8,"21":8,"22":8,"23":8,"24":5,"25":10,"26":10,"27":1,"28":2,"29":2,"30":2,"31":2,"32":15,"33":0},"b":{"0":[1,0],"1":[0,1],"2":[1,1],"3":[6],"4":[6,0],"5":[2,1],"6":[3,0],"7":[1,2],"8":[3,3],"9":[4],"10":[4,0],"11":[1,1],"12":[2,0],"13":[1,1],"14":[2,2],"15":[2],"16":[2,0],"17":[1,1],"18":[4],"19":[5,0],"20":[1,4],"21":[5,4],"22":[3,1],"23":[1,2],"24":[1,1],"25":[1,0],"26":[5],"27":[5,0],"28":[1,0],"29":[1,0],"30":[0,1],"31":[0,1],"32":[1,1],"33":[2,1],"34":[3],"35":[3,0],"36":[2,1],"37":[6],"38":[6,2],"39":[8,8],"40":[8,8],"41":[1,0],"42":[2,2]}}
}
