TN:
SF:src/localStorageHelper.ts
FN:57,(anonymous_13)
FN:57,(anonymous_14)
FN:62,(anonymous_16)
FN:62,(anonymous_17)
FN:70,(anonymous_19)
FN:70,(anonymous_20)
FN:80,(anonymous_22)
FN:80,(anonymous_23)
FN:87,(anonymous_25)
FN:87,(anonymous_26)
FN:96,(anonymous_28)
FN:96,(anonymous_29)
FN:117,(anonymous_31)
FN:117,(anonymous_32)
FN:123,(anonymous_34)
FN:123,(anonymous_35)
FN:134,(anonymous_37)
FN:143,(anonymous_40)
FN:143,(anonymous_41)
FN:147,(anonymous_43)
FN:153,(anonymous_44)
FN:154,(anonymous_45)
FN:154,(anonymous_46)
FN:173,(anonymous_48)
FN:178,(anonymous_49)
FN:181,(anonymous_52)
FN:186,(anonymous_53)
FN:192,(anonymous_54)
FN:194,(anonymous_57)
FN:195,(anonymous_58)
FN:195,(anonymous_59)
FN:207,(anonymous_61)
FN:212,(anonymous_62)
FN:214,(anonymous_65)
FNF:34
FNH:33
FNDA:6,(anonymous_13)
FNDA:6,(anonymous_14)
FNDA:3,(anonymous_16)
FNDA:3,(anonymous_17)
FNDA:4,(anonymous_19)
FNDA:4,(anonymous_20)
FNDA:2,(anonymous_22)
FNDA:2,(anonymous_23)
FNDA:2,(anonymous_25)
FNDA:2,(anonymous_26)
FNDA:5,(anonymous_28)
FNDA:5,(anonymous_29)
FNDA:5,(anonymous_31)
FNDA:5,(anonymous_32)
FNDA:1,(anonymous_34)
FNDA:1,(anonymous_35)
FNDA:3,(anonymous_37)
FNDA:4,(anonymous_40)
FNDA:4,(anonymous_41)
FNDA:8,(anonymous_43)
FNDA:8,(anonymous_44)
FNDA:8,(anonymous_45)
FNDA:8,(anonymous_46)
FNDA:8,(anonymous_48)
FNDA:5,(anonymous_49)
FNDA:10,(anonymous_52)
FNDA:10,(anonymous_53)
FNDA:1,(anonymous_54)
FNDA:2,(anonymous_57)
FNDA:2,(anonymous_58)
FNDA:2,(anonymous_59)
FNDA:2,(anonymous_61)
FNDA:15,(anonymous_62)
FNDA:0,(anonymous_65)
DA:4,1
DA:5,1
DA:6,1
DA:8,1
DA:11,1
DA:13,1
DA:14,0
DA:52,1
DA:55,1
DA:57,6
DA:58,6
DA:59,6
DA:60,6
DA:62,3
DA:63,3
DA:64,4
DA:65,2
DA:67,1
DA:70,4
DA:71,4
DA:73,4
DA:75,0
DA:76,0
DA:80,2
DA:81,2
DA:82,3
DA:83,1
DA:85,1
DA:87,2
DA:88,2
DA:89,2
DA:90,2
DA:91,1
DA:93,1
DA:96,5
DA:97,5
DA:98,5
DA:99,5
DA:100,1
DA:102,4
DA:103,3
DA:104,1
DA:106,2
DA:107,1
DA:110,1
DA:111,1
DA:114,4
DA:117,5
DA:118,5
DA:119,5
DA:120,5
DA:123,1
DA:124,1
DA:125,1
DA:126,0
DA:128,1
DA:129,1
DA:131,0
DA:134,5
DA:135,3
DA:136,3
DA:137,3
DA:138,2
DA:140,1
DA:143,4
DA:145,4
DA:148,8
DA:149,8
DA:151,4
DA:153,4
DA:154,8
DA:156,8
DA:157,8
DA:158,14
DA:159,4
DA:162,12
DA:164,8
DA:166,0
DA:167,0
DA:172,4
DA:173,4
DA:174,8
DA:179,20
DA:181,5
DA:182,10
DA:184,5
DA:185,5
DA:186,5
DA:187,10
DA:188,10
DA:192,4
DA:193,1
DA:194,1
DA:195,2
DA:197,4
DA:198,2
DA:200,0
DA:201,0
DA:206,1
DA:207,1
DA:208,2
DA:212,10
DA:215,0
DA:218,1
LF:104
LH:94
BRDA:11,0,0,1
BRDA:11,0,1,0
BRDA:13,1,0,0
BRDA:13,1,1,1
BRDA:52,2,0,1
BRDA:52,2,1,1
BRDA:58,3,0,6
BRDA:59,4,0,6
BRDA:59,4,1,0
BRDA:65,5,0,2
BRDA:65,5,1,1
BRDA:63,6,0,3
BRDA:63,6,1,0
BRDA:64,7,0,1
BRDA:64,7,1,2
BRDA:64,8,0,3
BRDA:64,8,1,3
BRDA:73,9,0,4
BRDA:71,10,0,4
BRDA:71,10,1,0
BRDA:83,11,0,1
BRDA:83,11,1,1
BRDA:81,12,0,2
BRDA:81,12,1,0
BRDA:82,13,0,1
BRDA:82,13,1,1
BRDA:82,14,0,2
BRDA:82,14,1,2
BRDA:88,15,0,2
BRDA:89,16,0,2
BRDA:89,16,1,0
BRDA:90,17,0,1
BRDA:90,17,1,1
BRDA:114,18,0,4
BRDA:97,19,0,5
BRDA:97,19,1,0
BRDA:99,20,0,1
BRDA:99,20,1,4
BRDA:99,21,0,5
BRDA:99,21,1,4
BRDA:102,22,0,3
BRDA:102,22,1,1
BRDA:103,23,0,1
BRDA:103,23,1,2
BRDA:106,24,0,1
BRDA:106,24,1,1
BRDA:110,25,0,1
BRDA:110,25,1,0
BRDA:118,26,0,5
BRDA:119,27,0,5
BRDA:119,27,1,0
BRDA:129,28,0,1
BRDA:129,28,1,0
BRDA:124,29,0,1
BRDA:124,29,1,0
BRDA:125,30,0,0
BRDA:125,30,1,1
BRDA:128,31,0,0
BRDA:128,31,1,1
BRDA:128,32,0,1
BRDA:128,32,1,1
BRDA:134,33,0,2
BRDA:134,33,1,1
BRDA:135,34,0,3
BRDA:136,35,0,3
BRDA:136,35,1,0
BRDA:137,36,0,2
BRDA:137,36,1,1
BRDA:162,37,0,6
BRDA:158,38,0,6
BRDA:158,38,1,2
BRDA:158,39,0,8
BRDA:158,39,1,8
BRDA:174,40,0,8
BRDA:174,40,1,8
BRDA:193,41,0,1
BRDA:193,41,1,0
BRDA:208,42,0,2
BRDA:208,42,1,2
BRF:79
BRH:63
end_of_record
