TN:
SF:src/crossLocalStorage.ts
FN:20,(anonymous_13)
FN:33,(anonymous_14)
FN:33,(anonymous_15)
FN:39,(anonymous_17)
FN:39,(anonymous_18)
FN:47,(anonymous_20)
FN:47,(anonymous_21)
FN:57,(anonymous_23)
FN:57,(anonymous_24)
FN:64,(anonymous_26)
FN:64,(anonymous_27)
FN:73,(anonymous_29)
FN:73,(anonymous_30)
FN:94,(anonymous_32)
FN:94,(anonymous_33)
FN:100,(anonymous_35)
FN:100,(anonymous_36)
FN:112,(anonymous_38)
FN:121,(anonymous_41)
FN:121,(anonymous_42)
FN:125,(anonymous_44)
FN:131,(anonymous_45)
FN:132,(anonymous_46)
FN:132,(anonymous_47)
FN:153,(anonymous_49)
FN:162,(anonymous_50)
FN:165,(anonymous_53)
FN:170,(anonymous_54)
FN:176,(anonymous_55)
FN:178,(anonymous_58)
FN:179,(anonymous_59)
FN:179,(anonymous_60)
FN:191,(anonymous_62)
FN:196,(anonymous_63)
FN:198,(anonymous_66)
FNF:35
FNH:35
FNDA:1,(anonymous_13)
FNDA:7,(anonymous_14)
FNDA:7,(anonymous_15)
FNDA:6,(anonymous_17)
FNDA:6,(anonymous_18)
FNDA:6,(anonymous_20)
FNDA:6,(anonymous_21)
FNDA:3,(anonymous_23)
FNDA:3,(anonymous_24)
FNDA:3,(anonymous_26)
FNDA:3,(anonymous_27)
FNDA:6,(anonymous_29)
FNDA:6,(anonymous_30)
FNDA:6,(anonymous_32)
FNDA:6,(anonymous_33)
FNDA:4,(anonymous_35)
FNDA:4,(anonymous_36)
FNDA:5,(anonymous_38)
FNDA:5,(anonymous_41)
FNDA:5,(anonymous_42)
FNDA:10,(anonymous_44)
FNDA:10,(anonymous_45)
FNDA:10,(anonymous_46)
FNDA:10,(anonymous_47)
FNDA:8,(anonymous_49)
FNDA:6,(anonymous_50)
FNDA:11,(anonymous_53)
FNDA:10,(anonymous_54)
FNDA:2,(anonymous_55)
FNDA:3,(anonymous_58)
FNDA:3,(anonymous_59)
FNDA:3,(anonymous_60)
FNDA:2,(anonymous_62)
FNDA:24,(anonymous_63)
FNDA:2,(anonymous_66)
DA:4,1
DA:5,1
DA:6,1
DA:8,1
DA:10,1
DA:12,1
DA:14,1
DA:16,0
DA:20,1
DA:28,1
DA:29,1
DA:31,1
DA:33,7
DA:34,7
DA:35,6
DA:36,6
DA:39,6
DA:40,6
DA:41,7
DA:42,5
DA:44,1
DA:47,6
DA:48,6
DA:50,6
DA:52,1
DA:53,1
DA:57,3
DA:58,3
DA:59,4
DA:60,2
DA:62,1
DA:64,3
DA:65,3
DA:66,2
DA:67,2
DA:68,1
DA:70,1
DA:73,6
DA:74,6
DA:75,6
DA:76,6
DA:77,1
DA:79,5
DA:80,3
DA:81,1
DA:83,2
DA:84,1
DA:87,1
DA:88,1
DA:91,5
DA:94,6
DA:95,6
DA:96,5
DA:97,5
DA:100,4
DA:101,4
DA:102,4
DA:103,1
DA:105,4
DA:106,2
DA:109,1
DA:112,9
DA:113,5
DA:114,4
DA:115,4
DA:116,3
DA:118,1
DA:121,5
DA:123,5
DA:126,10
DA:127,10
DA:129,5
DA:131,5
DA:132,10
DA:134,10
DA:135,10
DA:136,18
DA:138,4
DA:141,14
DA:143,8
DA:145,2
DA:146,2
DA:152,5
DA:153,4
DA:154,8
DA:157,1
DA:158,1
DA:163,23
DA:165,6
DA:166,11
DA:168,5
DA:169,5
DA:170,5
DA:171,10
DA:172,10
DA:176,7
DA:177,2
DA:178,2
DA:179,3
DA:181,5
DA:182,2
DA:184,1
DA:185,1
DA:190,2
DA:191,1
DA:192,2
DA:196,16
DA:199,2
DA:202,1
LF:109
LH:108
BRDA:12,0,0,1
BRDA:12,0,1,0
BRDA:14,1,0,0
BRDA:14,1,1,1
BRDA:20,2,0,1
BRDA:20,2,1,1
BRDA:34,3,0,7
BRDA:35,4,0,6
BRDA:35,4,1,6
BRDA:42,5,0,4
BRDA:42,5,1,1
BRDA:40,6,0,6
BRDA:40,6,1,4
BRDA:41,7,0,1
BRDA:41,7,1,5
BRDA:41,8,0,6
BRDA:41,8,1,6
BRDA:50,9,0,5
BRDA:48,10,0,6
BRDA:48,10,1,5
BRDA:60,11,0,1
BRDA:60,11,1,1
BRDA:58,12,0,3
BRDA:58,12,1,2
BRDA:59,13,0,1
BRDA:59,13,1,2
BRDA:59,14,0,3
BRDA:59,14,1,3
BRDA:65,15,0,3
BRDA:66,16,0,2
BRDA:66,16,1,2
BRDA:67,17,0,1
BRDA:67,17,1,1
BRDA:91,18,0,4
BRDA:74,19,0,6
BRDA:74,19,1,5
BRDA:76,20,0,1
BRDA:76,20,1,5
BRDA:76,21,0,6
BRDA:76,21,1,5
BRDA:79,22,0,3
BRDA:79,22,1,2
BRDA:80,23,0,1
BRDA:80,23,1,2
BRDA:83,24,0,1
BRDA:83,24,1,1
BRDA:87,25,0,1
BRDA:87,25,1,1
BRDA:95,26,0,6
BRDA:96,27,0,5
BRDA:96,27,1,5
BRDA:106,28,0,1
BRDA:101,29,0,4
BRDA:101,29,1,3
BRDA:102,30,0,1
BRDA:102,30,1,3
BRDA:102,31,0,4
BRDA:102,31,1,3
BRDA:105,32,0,1
BRDA:105,32,1,2
BRDA:105,33,0,3
BRDA:105,33,1,2
BRDA:112,34,0,4
BRDA:112,34,1,1
BRDA:113,35,0,5
BRDA:114,36,0,4
BRDA:114,36,1,4
BRDA:115,37,0,3
BRDA:115,37,1,1
BRDA:141,38,0,8
BRDA:136,39,0,8
BRDA:136,39,1,2
BRDA:136,40,0,10
BRDA:136,40,1,10
BRDA:154,41,0,8
BRDA:154,41,1,8
BRDA:177,42,0,2
BRDA:177,42,1,1
BRDA:192,43,0,2
BRDA:192,43,1,2
BRF:80
BRH:78
end_of_record
